[ 2023-11-02 23:04:43,792 ] 22 root - INFO - File stoage house
[ 2023-11-02 23:04:43,792 ] 26 root - INFO - Data Ingestion process has started
[ 2023-11-02 23:04:43,973 ] 30 root - INFO - data initiated
[ 2023-11-02 23:04:44,596 ] 53 root - INFO - Data Ingestion completed
[ 2023-11-02 23:04:44,598 ] 139 root - INFO - Data Transforamtion primary process has started
[ 2023-11-02 23:04:44,700 ] 81 root - INFO - Data Transforamtion process has started
[ 2023-11-02 23:04:44,700 ] 83 root - INFO - Data Transformation secondary initiated
[ 2023-11-02 23:04:44,923 ] 81 root - INFO - Data Transforamtion process has started
[ 2023-11-02 23:04:44,923 ] 83 root - INFO - Data Transformation secondary initiated
[ 2023-11-02 23:04:44,999 ] 35 root - INFO - data preprocessed has started
[ 2023-11-02 23:04:44,999 ] 70 root - INFO - data preprocessed has completed
[ 2023-11-02 23:04:45,123 ] 185 root - INFO - data saved inside the preprocessed object
[ 2023-11-02 23:04:45,123 ] 186 root - INFO - preproceeing finished
[ 2023-11-02 23:04:45,147 ] 23 root - INFO - model trainer primary initiated
[ 2023-11-02 23:05:05,764 ] 37 root - INFO - ======================================================================================================================================================
[ 2023-11-02 23:05:05,811 ] 38 root - INFO - MODEL ACCURACY 
 {SVC(C=1): 0.8315217391304348}
[ 2023-11-02 23:05:05,811 ] 39 root - INFO - ======================================================================================================================================================
[ 2023-11-02 23:05:05,811 ] 46 root - INFO - finally model trainined succesfully 
[ 2023-11-02 23:05:05,811 ] 56 root - INFO - model trainer secondary initiated
[ 2023-11-02 23:05:18,356 ] 142 root - INFO - there may be an error in dif estimator
[ 2023-11-02 23:05:18,356 ] 78 root - INFO - there may be error in model trainer secondary
