[ 2023-11-02 23:10:19,945 ] 22 root - INFO - File stoage house
[ 2023-11-02 23:10:19,945 ] 26 root - INFO - Data Ingestion process has started
[ 2023-11-02 23:10:20,008 ] 30 root - INFO - data initiated
[ 2023-11-02 23:10:20,305 ] 53 root - INFO - Data Ingestion completed
[ 2023-11-02 23:10:20,305 ] 139 root - INFO - Data Transforamtion primary process has started
[ 2023-11-02 23:10:20,367 ] 81 root - INFO - Data Transforamtion process has started
[ 2023-11-02 23:10:20,367 ] 83 root - INFO - Data Transformation secondary initiated
[ 2023-11-02 23:10:20,489 ] 81 root - INFO - Data Transforamtion process has started
[ 2023-11-02 23:10:20,490 ] 83 root - INFO - Data Transformation secondary initiated
[ 2023-11-02 23:10:20,542 ] 35 root - INFO - data preprocessed has started
[ 2023-11-02 23:10:20,542 ] 70 root - INFO - data preprocessed has completed
[ 2023-11-02 23:10:20,652 ] 185 root - INFO - data saved inside the preprocessed object
[ 2023-11-02 23:10:20,652 ] 186 root - INFO - preproceeing finished
[ 2023-11-02 23:10:20,667 ] 23 root - INFO - model trainer primary initiated
[ 2023-11-02 23:10:38,510 ] 37 root - INFO - ======================================================================================================================================================
[ 2023-11-02 23:10:38,510 ] 38 root - INFO - MODEL ACCURACY 
 {SVC(C=1): 0.8315217391304348}
[ 2023-11-02 23:10:38,510 ] 39 root - INFO - ======================================================================================================================================================
[ 2023-11-02 23:10:38,510 ] 46 root - INFO - finally model trainined succesfully 
[ 2023-11-02 23:10:38,510 ] 56 root - INFO - model trainer secondary initiated
[ 2023-11-02 23:12:06,751 ] 68 root - INFO - ======================================================================================================================================================
[ 2023-11-02 23:12:06,767 ] 69 root - INFO - MODEL ACCURACY 
                     model  acc_score  train_score  best_para   best_sc
0      LogisticRegression   0.820000     0.820662        NaN  0.821127
1  DecisionTreeClassifier   0.833152     0.841156        NaN  0.830654
2  RandomForestClassifier   0.843696     0.860954        NaN  0.843573

[ 2023-11-02 23:12:06,767 ] 70 root - INFO - ======================================================================================================================================================
[ 2023-11-02 23:12:06,767 ] 73 root - INFO - finally model trainined succesfully 
